초가스: 성공 (3:0)
카이사: 성공 (1:1)
카사딘: 성공 (0:2)
카직스: 성공 (3:1)
코그모: 성공 (1:1)
말자하: 성공 (1:3)
렉사이: 성공 (1:1)
벨코즈: 성공 (3:1)
카시오페아: 성공 (3:2)
다리우스: 성공 (2:3)
클레드: 성공 (1:1)
르블랑: 성공 (2:0)
모데카이저: 성공 (2:1)
렐: 성공 (2:0)
리븐: 성공 (0:4)
사이온: 성공 (4:2)
탈론: 성공 (2:2)
블라디미르: 성공 (2:2)
피오라: 성공 (1:3)
갈리오: 성공 (5:1)
가렌: 성공 (4:6)
자르반 4세: 성공 (3:2)
케일: 성공 (1:1)
루시안: 성공 (0:3)
럭스: 성공 (4:1)
모르가나: 성공 (0:1)
뽀삐: 성공 (2:0)
퀸: 성공 (1:2)
쉬바나: 성공 (4:0)
소나: 성공 (2:1)
사일러스: 성공 (1:0)
베인: 성공 (0:3)
신 짜오: 성공 (6:0)
코르키: 성공 (1:1)
룰루: 성공 (3:0)
럼블: 성공 (2:2)
티모: 성공 (1:2)
트리스타나: 성공 (2:0)
베이가: 성공 (1:7)
유미: 성공 (4:0)
피즈: 성공 (1:1)
갱플랭크: 성공 (1:5)
그레이브즈: 성공 (1:1)
일라오이: 성공 (4:6)
미스 포츈: 성공 (5:3)
노틸러스: 성공 (0:2)
파이크: 성공 (0:2)
탐 켄치: 성공 (1:11)
트위스티드 페이트: 성공 (1:4)
애니비아: 성공 (2:2)
애쉬: 성공 (3:3)
브라움: 성공 (4:1)
나르: 성공 (3:1)
그라가스: 성공 (4:0)
리산드라: 성공 (6:3)
누누와 윌럼프: 성공 (2:1)
올라프: 성공 (4:0)
오른: 성공 (0:1)
세주아니: 성공 (3:2)
트런들: 성공 (0:3)
트린다미어: 성공 (3:2)
우디르: 성공 (0:0)
볼리베어: 성공 (5:5)
케이틀린: 성공 (3:3)
카밀: 성공 (3:6)
이즈리얼: 성공 (3:2)
하이머딩거: 성공 (2:3)
제이스: 성공 (4:2)
오리아나: 성공 (1:2)
세라핀: 성공 (0:0)
바이: 성공 (3:2)
아리: 성공 (2:2)
아칼리: 성공 (2:2)
이렐리아: 성공 (2:3)
아이번: 성공 (3:0)
진: 성공 (0:4)
카르마: 성공 (2:1)
케인: 성공 (2:1)
케넨: 성공 (2:1)
리 신: 성공 (2:0)
마스터 이: 성공 (1:1)
라칸: 성공 (1:3)
세트: 성공 (2:1)
쉔: 성공 (2:2)
신드라: 성공 (1:2)
바루스: 성공 (0:1)
오공: 성공 (2:0)
자야: 성공 (1:3)
야스오: 성공 (3:1)
요네: 성공 (2:0)
릴리아: 성공 (2:0)
제드: 성공 (1:5)
